--------------------------------------------------------------------------------
Release 14.7 Trace  (lin64)
Copyright (c) 1995-2013 Xilinx, Inc.  All rights reserved.

/opt/Xilinx/14.7/ISE_DS/ISE/bin/lin64/unwrapped/trce -intstyle ise -v 3 -s 2 -n
3 -fastpaths -xml main_sch.twx main_sch.ncd -o main_sch.twr main_sch.pcf -ucf
param.ucf

Design file:              main_sch.ncd
Physical constraint file: main_sch.pcf
Device,package,speed:     xc6slx16,csg324,C,-2 (PRODUCTION 1.23 2013-10-13)
Report level:             verbose report

Environment Variable      Effect 
--------------------      ------ 
NONE                      No environment variables were set
--------------------------------------------------------------------------------

INFO:Timing:2698 - No timing constraints found, doing default enumeration.
INFO:Timing:3412 - To improve timing, see the Timing Closure User Guide (UG612).
INFO:Timing:2752 - To get complete path coverage, use the unconstrained paths 
   option. All paths that are not constrained will be reported in the 
   unconstrained paths section(s) of the report.
INFO:Timing:3339 - The clock-to-out numbers in this timing report are based on 
   a 50 Ohm transmission line loading model.  For the details of this model, 
   and for more information on accounting for different loading conditions, 
   please see the device datasheet.



Data Sheet report:
-----------------
All values displayed in nanoseconds (ns)

Pad to Pad
---------------+---------------+---------+
Source Pad     |Destination Pad|  Delay  |
---------------+---------------+---------+
A0             |led<0>         |    9.741|
A0             |led<1>         |    9.520|
A0             |led<2>         |    9.560|
A0             |led<3>         |    9.711|
A1             |led<0>         |   10.227|
A1             |led<1>         |    9.360|
A1             |led<2>         |    9.546|
A1             |led<3>         |    9.393|
sw<0>          |led<3>         |    9.771|
sw<1>          |led<2>         |    9.683|
sw<2>          |led<1>         |    9.470|
sw<3>          |led<0>         |    9.993|
---------------+---------------+---------+


Analysis completed Sun Jan 11 17:43:53 2026 
--------------------------------------------------------------------------------

Trace Settings:
-------------------------
Trace Settings 

Peak Memory Usage: 377 MB



