--------------------------------------------------------------------------------
Release 14.7 Trace  (lin64)
Copyright (c) 1995-2013 Xilinx, Inc.  All rights reserved.

/opt/Xilinx/14.7/ISE_DS/ISE/bin/lin64/unwrapped/trce -intstyle ise -v 3 -s 5 -n
3 -fastpaths -xml main.twx main.ncd -o main.twr main.pcf

Design file:              main.ncd
Physical constraint file: main.pcf
Device,package,speed:     xc3s250e,cp132,-5 (PRODUCTION 1.27 2013-10-13)
Report level:             verbose report

Environment Variable      Effect 
--------------------      ------ 
NONE                      No environment variables were set
--------------------------------------------------------------------------------

INFO:Timing:2698 - No timing constraints found, doing default enumeration.
INFO:Timing:3412 - To improve timing, see the Timing Closure User Guide (UG612).
INFO:Timing:2752 - To get complete path coverage, use the unconstrained paths 
   option. All paths that are not constrained will be reported in the 
   unconstrained paths section(s) of the report.
INFO:Timing:3339 - The clock-to-out numbers in this timing report are based on 
   a 50 Ohm transmission line loading model.  For the details of this model, 
   and for more information on accounting for different loading conditions, 
   please see the device datasheet.
INFO:Timing:3390 - This architecture does not support a default System Jitter 
   value, please add SYSTEM_JITTER constraint to the UCF to modify the Clock 
   Uncertainty calculation.
INFO:Timing:3389 - This architecture does not support 'Discrete Jitter' and 
   'Phase Error' calculations, these terms will be zero in the Clock 
   Uncertainty calculation.  Please make appropriate modification to 
   SYSTEM_JITTER to account for the unsupported Discrete Jitter and Phase 
   Error.



Data Sheet report:
-----------------
All values displayed in nanoseconds (ns)

Pad to Pad
---------------+---------------+---------+
Source Pad     |Destination Pad|  Delay  |
---------------+---------------+---------+
btn1           |led<5>         |    5.715|
btn2           |led<5>         |    5.733|
btn3           |led<4>         |    5.849|
btn4           |led<4>         |    5.871|
sw<0>          |led<0>         |    5.543|
sw<1>          |led<0>         |    5.421|
sw<2>          |led<1>         |    5.499|
sw<3>          |led<1>         |    5.509|
sw<4>          |led<2>         |    5.481|
sw<5>          |led<2>         |    5.796|
sw<6>          |led<3>         |    5.871|
sw<7>          |led<3>         |    6.004|
---------------+---------------+---------+


Analysis completed Wed Jan  7 05:36:03 2026 
--------------------------------------------------------------------------------

Trace Settings:
-------------------------
Trace Settings 

Peak Memory Usage: 328 MB



