Release 14.7 - xst P.20131013 (lin64)
Copyright (c) 1995-2013 Xilinx, Inc.  All rights reserved.
--> 
Parameter TMPDIR set to xst/projnav.tmp


Total REAL time to Xst completion: 0.00 secs
Total CPU time to Xst completion: 0.02 secs
 
--> 
Parameter xsthdpdir set to xst


Total REAL time to Xst completion: 0.00 secs
Total CPU time to Xst completion: 0.02 secs
 
--> 
Reading design: main.prj

TABLE OF CONTENTS
  1) Synthesis Options Summary
  2) HDL Parsing
  3) HDL Elaboration
  4) HDL Synthesis
       4.1) HDL Synthesis Report
  5) Advanced HDL Synthesis
       5.1) Advanced HDL Synthesis Report
  6) Low Level Synthesis
  7) Partition Report
  8) Design Summary
       8.1) Primitive and Black Box Usage
       8.2) Device utilization summary
       8.3) Partition Resource Summary
       8.4) Timing Report
            8.4.1) Clock Information
            8.4.2) Asynchronous Control Signals Information
            8.4.3) Timing Summary
            8.4.4) Timing Details
            8.4.5) Cross Clock Domains Report


=========================================================================
*                      Synthesis Options Summary                        *
=========================================================================
---- Source Parameters
Input File Name                    : "main.prj"
Ignore Synthesis Constraint File   : NO

---- Target Parameters
Output File Name                   : "main"
Output Format                      : NGC
Target Device                      : xc6slx16-2-csg324

---- Source Options
Top Module Name                    : main
Automatic FSM Extraction           : YES
FSM Encoding Algorithm             : Auto
Safe Implementation                : No
FSM Style                          : LUT
RAM Extraction                     : Yes
RAM Style                          : Auto
ROM Extraction                     : Yes
Shift Register Extraction          : YES
ROM Style                          : Auto
Resource Sharing                   : YES
Asynchronous To Synchronous        : NO
Shift Register Minimum Size        : 2
Use DSP Block                      : Auto
Automatic Register Balancing       : No

---- Target Options
LUT Combining                      : Auto
Reduce Control Sets                : Auto
Add IO Buffers                     : YES
Global Maximum Fanout              : 100000
Add Generic Clock Buffer(BUFG)     : 16
Register Duplication               : YES
Optimize Instantiated Primitives   : NO
Use Clock Enable                   : Auto
Use Synchronous Set                : Auto
Use Synchronous Reset              : Auto
Pack IO Registers into IOBs        : Auto
Equivalent register Removal        : YES

---- General Options
Optimization Goal                  : Speed
Optimization Effort                : 1
Power Reduction                    : NO
Keep Hierarchy                     : No
Netlist Hierarchy                  : As_Optimized
RTL Output                         : Yes
Global Optimization                : AllClockNets
Read Cores                         : YES
Write Timing Constraints           : NO
Cross Clock Analysis               : NO
Hierarchy Separator                : /
Bus Delimiter                      : <>
Case Specifier                     : Maintain
Slice Utilization Ratio            : 100
BRAM Utilization Ratio             : 100
DSP48 Utilization Ratio            : 100
Auto BRAM Packing                  : NO
Slice Utilization Ratio Delta      : 5

=========================================================================


=========================================================================
*                          HDL Parsing                                  *
=========================================================================
Parsing VHDL file "/home/x3r1x/Documents/Study/BMS/Programmable/PLD/lab9/lab9.2/t_trigger.vhd" into library work
Parsing entity <t_trig>.
Parsing architecture <Behavioral> of entity <t_trig>.
Parsing VHDL file "/home/x3r1x/Documents/Study/BMS/Programmable/PLD/lab9/lab9.2/d_trigger.vhd" into library work
Parsing entity <d_trigger>.
Parsing architecture <Behavioral> of entity <d_trigger>.
Parsing VHDL file "/home/x3r1x/Documents/Study/BMS/Programmable/PLD/lab9/lab9.2/default_jk_trigger.vhd" into library work
Parsing entity <default_jk_trigger>.
Parsing architecture <Behavioral> of entity <default_jk_trigger>.
Parsing VHDL file "/home/x3r1x/Documents/Study/BMS/Programmable/PLD/lab9/lab9.2/main.vhf" into library work
Parsing entity <rs_nor_MUSER_main>.
Parsing architecture <BEHAVIORAL> of entity <rs_nor_muser_main>.
Parsing entity <d_trigger_MUSER_main>.
Parsing architecture <BEHAVIORAL> of entity <d_trigger_muser_main>.
Parsing entity <main>.
Parsing architecture <BEHAVIORAL> of entity <main>.

=========================================================================
*                            HDL Elaboration                            *
=========================================================================

Elaborating entity <main> (architecture <BEHAVIORAL>) from library <work>.

Elaborating entity <d_trigger_MUSER_main> (architecture <BEHAVIORAL>) from library <work>.

Elaborating entity <rs_nor_MUSER_main> (architecture <BEHAVIORAL>) from library <work>.

Elaborating entity <t_trig> (architecture <Behavioral>) from library <work>.

Elaborating entity <default_jk_trigger> (architecture <Behavioral>) from library <work>.

=========================================================================
*                           HDL Synthesis                               *
=========================================================================

Synthesizing Unit <main>.
    Related source file is "/home/x3r1x/Documents/Study/BMS/Programmable/PLD/lab9/lab9.2/main.vhf".
    Summary:
	no macro.
Unit <main> synthesized.

Synthesizing Unit <d_trigger_MUSER_main>.
    Related source file is "/home/x3r1x/Documents/Study/BMS/Programmable/PLD/lab9/lab9.2/main.vhf".
    Summary:
	no macro.
Unit <d_trigger_MUSER_main> synthesized.

Synthesizing Unit <rs_nor_MUSER_main>.
    Related source file is "/home/x3r1x/Documents/Study/BMS/Programmable/PLD/lab9/lab9.2/main.vhf".
    Summary:
	no macro.
Unit <rs_nor_MUSER_main> synthesized.

Synthesizing Unit <t_trig>.
    Related source file is "/home/x3r1x/Documents/Study/BMS/Programmable/PLD/lab9/lab9.2/t_trigger.vhd".
    Found 1-bit register for signal <state>.
    Summary:
	inferred   1 D-type flip-flop(s).
Unit <t_trig> synthesized.

Synthesizing Unit <default_jk_trigger>.
    Related source file is "/home/x3r1x/Documents/Study/BMS/Programmable/PLD/lab9/lab9.2/default_jk_trigger.vhd".
    Found 1-bit register for signal <state>.
    Summary:
	inferred   1 D-type flip-flop(s).
Unit <default_jk_trigger> synthesized.

=========================================================================
HDL Synthesis Report

Macro Statistics
# Registers                                            : 2
 1-bit register                                        : 2

=========================================================================

=========================================================================
*                       Advanced HDL Synthesis                          *
=========================================================================


=========================================================================
Advanced HDL Synthesis Report

Macro Statistics
# Registers                                            : 2
 Flip-Flops                                            : 2

=========================================================================

=========================================================================
*                         Low Level Synthesis                           *
=========================================================================
WARNING:Xst:2170 - Unit main : the following signal(s) form a combinatorial loop: XLXI_9/XLXI_1/XLXN_3, D_Q.

Optimizing unit <main> ...

Mapping all equations...
Building and optimizing final netlist ...
Found area constraint ratio of 100 (+ 5) on block main, actual ratio is 0.

Final Macro Processing ...

=========================================================================
Final Register Report

Macro Statistics
# Registers                                            : 2
 Flip-Flops                                            : 2

=========================================================================

=========================================================================
*                           Partition Report                            *
=========================================================================

Partition Implementation Status
-------------------------------

  No Partitions were found in this design.

-------------------------------

=========================================================================
*                            Design Summary                             *
=========================================================================

Top Level Output File Name         : main.ngc

Primitive and Black Box Usage:
------------------------------
# BELS                             : 6
#      AND2                        : 2
#      INV                         : 2
#      LUT2                        : 1
#      LUT3                        : 1
# FlipFlops/Latches                : 2
#      FD                          : 1
#      FDR                         : 1
# Clock Buffers                    : 2
#      BUFGP                       : 2
# IO Buffers                       : 7
#      IBUF                        : 4
#      OBUF                        : 3
# Logical                          : 2
#      NOR2                        : 2

Device utilization summary:
---------------------------

Selected Device : 6slx16csg324-2 


Slice Logic Utilization: 
 Number of Slice Registers:               2  out of  18224     0%  
 Number of Slice LUTs:                    4  out of   9112     0%  
    Number used as Logic:                 4  out of   9112     0%  

Slice Logic Distribution: 
 Number of LUT Flip Flop pairs used:      6
   Number with an unused Flip Flop:       4  out of      6    66%  
   Number with an unused LUT:             2  out of      6    33%  
   Number of fully used LUT-FF pairs:     0  out of      6     0%  
   Number of unique control sets:         2

IO Utilization: 
 Number of IOs:                           9
 Number of bonded IOBs:                   9  out of    232     3%  

Specific Feature Utilization:
 Number of BUFG/BUFGCTRLs:                2  out of     16    12%  

---------------------------
Partition Resource Summary:
---------------------------

  No Partitions were found in this design.

---------------------------


=========================================================================
Timing Report

NOTE: THESE TIMING NUMBERS ARE ONLY A SYNTHESIS ESTIMATE.
      FOR ACCURATE TIMING INFORMATION PLEASE REFER TO THE TRACE REPORT
      GENERATED AFTER PLACE-and-ROUTE.

Clock Information:
------------------
-----------------------------------+------------------------+-------+
Clock Signal                       | Clock buffer(FF name)  | Load  |
-----------------------------------+------------------------+-------+
T                                  | BUFGP                  | 1     |
JK_C                               | BUFGP                  | 1     |
-----------------------------------+------------------------+-------+

Asynchronous Control Signals Information:
----------------------------------------
No asynchronous control signals found in this design

Timing Summary:
---------------
Speed Grade: -2

   Minimum period: 2.260ns (Maximum Frequency: 442.478MHz)
   Minimum input arrival time before clock: 3.552ns
   Maximum output required time after clock: 4.162ns
   Maximum combinational path delay: 9.182ns

Timing Details:
---------------
All values displayed in nanoseconds (ns)

=========================================================================
Timing constraint: Default period analysis for Clock 'T'
  Clock period: 2.260ns (frequency: 442.478MHz)
  Total number of paths / destination ports: 1 / 1
-------------------------------------------------------------------------
Delay:               2.260ns (Levels of Logic = 1)
  Source:            XLXI_10/state (FF)
  Destination:       XLXI_10/state (FF)
  Source Clock:      T rising
  Destination Clock: T rising

  Data Path: XLXI_10/state to XLXI_10/state
                                Gate     Net
    Cell:in->out      fanout   Delay   Delay  Logical Name (Net Name)
    ----------------------------------------  ------------
     FD:C->Q               2   0.525   0.725  XLXI_10/state (XLXI_10/state)
     INV:I->O              1   0.255   0.681  XLXI_10/state_INV_1_o1_INV_0 (XLXI_10/state_INV_1_o)
     FD:D                      0.074          XLXI_10/state
    ----------------------------------------
    Total                      2.260ns (0.854ns logic, 1.406ns route)
                                       (37.8% logic, 62.2% route)

=========================================================================
Timing constraint: Default period analysis for Clock 'JK_C'
  Clock period: 1.579ns (frequency: 633.312MHz)
  Total number of paths / destination ports: 1 / 1
-------------------------------------------------------------------------
Delay:               1.579ns (Levels of Logic = 1)
  Source:            XLXI_11/state (FF)
  Destination:       XLXI_11/state (FF)
  Source Clock:      JK_C rising
  Destination Clock: JK_C rising

  Data Path: XLXI_11/state to XLXI_11/state
                                Gate     Net
    Cell:in->out      fanout   Delay   Delay  Logical Name (Net Name)
    ----------------------------------------  ------------
     FDR:C->Q              2   0.525   0.726  XLXI_11/state (XLXI_11/state)
     LUT3:I2->O            1   0.254   0.000  XLXI_11/state_glue_set (XLXI_11/state_glue_set)
     FDR:D                     0.074          XLXI_11/state
    ----------------------------------------
    Total                      1.579ns (0.853ns logic, 0.726ns route)
                                       (54.0% logic, 46.0% route)

=========================================================================
Timing constraint: Default OFFSET IN BEFORE for Clock 'JK_C'
  Total number of paths / destination ports: 4 / 2
-------------------------------------------------------------------------
Offset:              3.552ns (Levels of Logic = 2)
  Source:            J (PAD)
  Destination:       XLXI_11/state (FF)
  Destination Clock: JK_C rising

  Data Path: J to XLXI_11/state
                                Gate     Net
    Cell:in->out      fanout   Delay   Delay  Logical Name (Net Name)
    ----------------------------------------  ------------
     IBUF:I->O             2   1.328   0.834  J_IBUF (J_IBUF)
     LUT2:I0->O            1   0.250   0.681  XLXI_11/_n00101 (XLXI_11/_n0010)
     FDR:R                     0.459          XLXI_11/state
    ----------------------------------------
    Total                      3.552ns (2.037ns logic, 1.515ns route)
                                       (57.3% logic, 42.7% route)

=========================================================================
Timing constraint: Default OFFSET OUT AFTER for Clock 'JK_C'
  Total number of paths / destination ports: 1 / 1
-------------------------------------------------------------------------
Offset:              4.162ns (Levels of Logic = 1)
  Source:            XLXI_11/state (FF)
  Destination:       JK_Q (PAD)
  Source Clock:      JK_C rising

  Data Path: XLXI_11/state to JK_Q
                                Gate     Net
    Cell:in->out      fanout   Delay   Delay  Logical Name (Net Name)
    ----------------------------------------  ------------
     FDR:C->Q              2   0.525   0.725  XLXI_11/state (XLXI_11/state)
     OBUF:I->O                 2.912          JK_Q_OBUF (JK_Q)
    ----------------------------------------
    Total                      4.162ns (3.437ns logic, 0.725ns route)
                                       (82.6% logic, 17.4% route)

=========================================================================
Timing constraint: Default OFFSET OUT AFTER for Clock 'T'
  Total number of paths / destination ports: 1 / 1
-------------------------------------------------------------------------
Offset:              4.162ns (Levels of Logic = 1)
  Source:            XLXI_10/state (FF)
  Destination:       T_Q (PAD)
  Source Clock:      T rising

  Data Path: XLXI_10/state to T_Q
                                Gate     Net
    Cell:in->out      fanout   Delay   Delay  Logical Name (Net Name)
    ----------------------------------------  ------------
     FD:C->Q               2   0.525   0.725  XLXI_10/state (XLXI_10/state)
     OBUF:I->O                 2.912          T_Q_OBUF (T_Q)
    ----------------------------------------
    Total                      4.162ns (3.437ns logic, 0.725ns route)
                                       (82.6% logic, 17.4% route)

=========================================================================
Timing constraint: Default path analysis
  Total number of paths / destination ports: 4 / 1
-------------------------------------------------------------------------
Delay:               9.182ns (Levels of Logic = 5)
  Source:            D_C (PAD)
  Destination:       D_Q (PAD)

  Data Path: D_C to D_Q
                                Gate     Net
    Cell:in->out      fanout   Delay   Delay  Logical Name (Net Name)
    ----------------------------------------  ------------
     IBUF:I->O             2   1.328   1.181  D_C_IBUF (D_C_IBUF)
     AND2:I0->O            1   0.254   1.137  XLXI_9/XLXI_2 (XLXI_9/XLXN_5)
     NOR2:I0->O            1   0.254   1.137  XLXI_9/XLXI_1/XLXI_2 (XLXI_9/XLXI_1/XLXN_3)
     NOR2:I0->O            2   0.254   0.725  XLXI_9/XLXI_1/XLXI_1 (D_Q_OBUF)
     OBUF:I->O                 2.912          D_Q_OBUF (D_Q)
    ----------------------------------------
    Total                      9.182ns (5.002ns logic, 4.180ns route)
                                       (54.5% logic, 45.5% route)

=========================================================================

Cross Clock Domains Report:
--------------------------

Clock to Setup on destination clock JK_C
---------------+---------+---------+---------+---------+
               | Src:Rise| Src:Fall| Src:Rise| Src:Fall|
Source Clock   |Dest:Rise|Dest:Rise|Dest:Fall|Dest:Fall|
---------------+---------+---------+---------+---------+
JK_C           |    1.579|         |         |         |
---------------+---------+---------+---------+---------+

Clock to Setup on destination clock T
---------------+---------+---------+---------+---------+
               | Src:Rise| Src:Fall| Src:Rise| Src:Fall|
Source Clock   |Dest:Rise|Dest:Rise|Dest:Fall|Dest:Fall|
---------------+---------+---------+---------+---------+
T              |    2.260|         |         |         |
---------------+---------+---------+---------+---------+

=========================================================================


Total REAL time to Xst completion: 2.00 secs
Total CPU time to Xst completion: 1.91 secs
 
--> 


Total memory usage is 392216 kilobytes

Number of errors   :    0 (   0 filtered)
Number of warnings :    1 (   0 filtered)
Number of infos    :    0 (   0 filtered)

