--------------------------------------------------------------------------------
Release 14.7 Trace  (lin64)
Copyright (c) 1995-2013 Xilinx, Inc.  All rights reserved.

/opt/Xilinx/14.7/ISE_DS/ISE/bin/lin64/unwrapped/trce -intstyle ise -v 3 -s 2 -n
3 -fastpaths -xml main.twx main.ncd -o main.twr main.pcf -ucf param.ucf

Design file:              main.ncd
Physical constraint file: main.pcf
Device,package,speed:     xc6slx16,csg324,C,-2 (PRODUCTION 1.23 2013-10-13)
Report level:             verbose report

Environment Variable      Effect 
--------------------      ------ 
NONE                      No environment variables were set
--------------------------------------------------------------------------------

INFO:Timing:2698 - No timing constraints found, doing default enumeration.
INFO:Timing:3412 - To improve timing, see the Timing Closure User Guide (UG612).
INFO:Timing:2752 - To get complete path coverage, use the unconstrained paths 
   option. All paths that are not constrained will be reported in the 
   unconstrained paths section(s) of the report.
INFO:Timing:3339 - The clock-to-out numbers in this timing report are based on 
   a 50 Ohm transmission line loading model.  For the details of this model, 
   and for more information on accounting for different loading conditions, 
   please see the device datasheet.



Data Sheet report:
-----------------
All values displayed in nanoseconds (ns)

Setup/Hold to clock T
------------+------------+------------+------------+------------+------------------+--------+
            |Max Setup to|  Process   |Max Hold to |  Process   |                  | Clock  |
Source      | clk (edge) |   Corner   | clk (edge) |   Corner   |Internal Clock(s) | Phase  |
------------+------------+------------+------------+------------+------------------+--------+
CE          |   -0.896(F)|      FAST  |    3.844(F)|      SLOW  |T_BUFGP           |   0.000|
DIR         |   -0.457(F)|      FAST  |    3.376(F)|      SLOW  |T_BUFGP           |   0.000|
R           |   -0.769(F)|      FAST  |    3.531(F)|      SLOW  |T_BUFGP           |   0.000|
------------+------------+------------+------------+------------+------------------+--------+

Clock T to Pad
------------+-----------------+------------+-----------------+------------+------------------+--------+
            |Max (slowest) clk|  Process   |Min (fastest) clk|  Process   |                  | Clock  |
Destination |  (edge) to PAD  |   Corner   |  (edge) to PAD  |   Corner   |Internal Clock(s) | Phase  |
------------+-----------------+------------+-----------------+------------+------------------+--------+
Q<0>        |        12.882(F)|      SLOW  |         5.742(F)|      FAST  |T_BUFGP           |   0.000|
Q<1>        |        12.940(F)|      SLOW  |         5.801(F)|      FAST  |T_BUFGP           |   0.000|
Q<2>        |        12.892(F)|      SLOW  |         5.757(F)|      FAST  |T_BUFGP           |   0.000|
Q<3>        |        13.109(F)|      SLOW  |         5.891(F)|      FAST  |T_BUFGP           |   0.000|
Q<4>        |        12.629(F)|      SLOW  |         5.511(F)|      FAST  |T_BUFGP           |   0.000|
Q<5>        |        12.462(F)|      SLOW  |         5.447(F)|      FAST  |T_BUFGP           |   0.000|
Q<6>        |        12.380(F)|      SLOW  |         5.395(F)|      FAST  |T_BUFGP           |   0.000|
Q<7>        |        12.373(F)|      SLOW  |         5.388(F)|      FAST  |T_BUFGP           |   0.000|
------------+-----------------+------------+-----------------+------------+------------------+--------+

Clock to Setup on destination clock T
---------------+---------+---------+---------+---------+
               | Src:Rise| Src:Fall| Src:Rise| Src:Fall|
Source Clock   |Dest:Rise|Dest:Rise|Dest:Fall|Dest:Fall|
---------------+---------+---------+---------+---------+
T              |         |         |         |    2.090|
---------------+---------+---------+---------+---------+


Analysis completed Mon Jan 12 02:11:12 2026 
--------------------------------------------------------------------------------

Trace Settings:
-------------------------
Trace Settings 

Peak Memory Usage: 377 MB



