Release 14.7 - xst P.20131013 (lin64)
Copyright (c) 1995-2013 Xilinx, Inc.  All rights reserved.
--> 
Parameter TMPDIR set to xst/projnav.tmp


Total REAL time to Xst completion: 0.00 secs
Total CPU time to Xst completion: 0.04 secs
 
--> 
Parameter xsthdpdir set to xst


Total REAL time to Xst completion: 0.00 secs
Total CPU time to Xst completion: 0.04 secs
 
--> 
Reading design: Top_Level.prj

TABLE OF CONTENTS
  1) Synthesis Options Summary
  2) HDL Parsing
  3) HDL Elaboration
  4) HDL Synthesis
       4.1) HDL Synthesis Report
  5) Advanced HDL Synthesis
       5.1) Advanced HDL Synthesis Report
  6) Low Level Synthesis
  7) Partition Report
  8) Design Summary
       8.1) Primitive and Black Box Usage
       8.2) Device utilization summary
       8.3) Partition Resource Summary
       8.4) Timing Report
            8.4.1) Clock Information
            8.4.2) Asynchronous Control Signals Information
            8.4.3) Timing Summary
            8.4.4) Timing Details
            8.4.5) Cross Clock Domains Report


=========================================================================
*                      Synthesis Options Summary                        *
=========================================================================
---- Source Parameters
Input File Name                    : "Top_Level.prj"
Ignore Synthesis Constraint File   : NO

---- Target Parameters
Output File Name                   : "Top_Level"
Output Format                      : NGC
Target Device                      : xc6slx16-2-csg324

---- Source Options
Top Module Name                    : Top_Level
Automatic FSM Extraction           : YES
FSM Encoding Algorithm             : Auto
Safe Implementation                : No
FSM Style                          : LUT
RAM Extraction                     : Yes
RAM Style                          : Auto
ROM Extraction                     : Yes
Shift Register Extraction          : YES
ROM Style                          : Auto
Resource Sharing                   : YES
Asynchronous To Synchronous        : NO
Shift Register Minimum Size        : 2
Use DSP Block                      : Auto
Automatic Register Balancing       : No

---- Target Options
LUT Combining                      : Auto
Reduce Control Sets                : Auto
Add IO Buffers                     : YES
Global Maximum Fanout              : 100000
Add Generic Clock Buffer(BUFG)     : 16
Register Duplication               : YES
Optimize Instantiated Primitives   : NO
Use Clock Enable                   : Auto
Use Synchronous Set                : Auto
Use Synchronous Reset              : Auto
Pack IO Registers into IOBs        : Auto
Equivalent register Removal        : YES

---- General Options
Optimization Goal                  : Speed
Optimization Effort                : 1
Power Reduction                    : NO
Keep Hierarchy                     : No
Netlist Hierarchy                  : As_Optimized
RTL Output                         : Yes
Global Optimization                : AllClockNets
Read Cores                         : YES
Write Timing Constraints           : NO
Cross Clock Analysis               : NO
Hierarchy Separator                : /
Bus Delimiter                      : <>
Case Specifier                     : Maintain
Slice Utilization Ratio            : 100
BRAM Utilization Ratio             : 100
DSP48 Utilization Ratio            : 100
Auto BRAM Packing                  : NO
Slice Utilization Ratio Delta      : 5

=========================================================================


=========================================================================
*                          HDL Parsing                                  *
=========================================================================
Parsing VHDL file "/home/x3r1x/Documents/Study/BMS/Programmable/PLD/lab9/Two_stage_reg/main.vhd" into library work
Parsing entity <Top_Level>.
Parsing architecture <Behavioral> of entity <top_level>.

=========================================================================
*                            HDL Elaboration                            *
=========================================================================

Elaborating entity <Top_Level> (architecture <Behavioral>) from library <work>.

=========================================================================
*                           HDL Synthesis                               *
=========================================================================

Synthesizing Unit <Top_Level>.
    Related source file is "/home/x3r1x/Documents/Study/BMS/Programmable/PLD/lab9/Two_stage_reg/main.vhd".
    Found 8-bit register for signal <serial>.
    Found 1-bit register for signal <slow_clk>.
    Found 1-bit register for signal <sh_sync>.
    Found 1-bit register for signal <stcp_sync>.
    Found 8-bit register for signal <parallel>.
    Found 20-bit register for signal <cnt>.
    Found 20-bit adder for signal <cnt[19]_GND_4_o_add_1_OUT> created at line 36.
    Found 1-bit tristate buffer for signal <Q<7>> created at line 67
    Found 1-bit tristate buffer for signal <Q<6>> created at line 67
    Found 1-bit tristate buffer for signal <Q<5>> created at line 67
    Found 1-bit tristate buffer for signal <Q<4>> created at line 67
    Found 1-bit tristate buffer for signal <Q<3>> created at line 67
    Found 1-bit tristate buffer for signal <Q<2>> created at line 67
    Found 1-bit tristate buffer for signal <Q<1>> created at line 67
    Found 1-bit tristate buffer for signal <Q<0>> created at line 67
    Summary:
	inferred   1 Adder/Subtractor(s).
	inferred  39 D-type flip-flop(s).
	inferred   8 Tristate(s).
Unit <Top_Level> synthesized.

=========================================================================
HDL Synthesis Report

Macro Statistics
# Adders/Subtractors                                   : 1
 20-bit adder                                          : 1
# Registers                                            : 6
 1-bit register                                        : 3
 20-bit register                                       : 1
 8-bit register                                        : 2
# Tristates                                            : 8
 1-bit tristate buffer                                 : 8

=========================================================================

=========================================================================
*                       Advanced HDL Synthesis                          *
=========================================================================


Synthesizing (advanced) Unit <Top_Level>.
The following registers are absorbed into counter <cnt>: 1 register on signal <cnt>.
Unit <Top_Level> synthesized (advanced).

=========================================================================
Advanced HDL Synthesis Report

Macro Statistics
# Counters                                             : 1
 20-bit up counter                                     : 1
# Registers                                            : 19
 Flip-Flops                                            : 19

=========================================================================

=========================================================================
*                         Low Level Synthesis                           *
=========================================================================

Optimizing unit <Top_Level> ...

Mapping all equations...
Building and optimizing final netlist ...
Found area constraint ratio of 100 (+ 5) on block Top_Level, actual ratio is 0.

Final Macro Processing ...

=========================================================================
Final Register Report

Macro Statistics
# Registers                                            : 39
 Flip-Flops                                            : 39

=========================================================================

=========================================================================
*                           Partition Report                            *
=========================================================================

Partition Implementation Status
-------------------------------

  No Partitions were found in this design.

-------------------------------

=========================================================================
*                            Design Summary                             *
=========================================================================

Top Level Output File Name         : Top_Level.ngc

Primitive and Black Box Usage:
------------------------------
# BELS                             : 89
#      GND                         : 1
#      INV                         : 2
#      LUT1                        : 19
#      LUT2                        : 20
#      LUT3                        : 1
#      LUT5                        : 1
#      LUT6                        : 5
#      MUXCY                       : 19
#      VCC                         : 1
#      XORCY                       : 20
# FlipFlops/Latches                : 39
#      FD                          : 31
#      FDC                         : 8
# Clock Buffers                    : 1
#      BUFGP                       : 1
# IO Buffers                       : 14
#      IBUF                        : 5
#      OBUF                        : 1
#      OBUFT                       : 8

Device utilization summary:
---------------------------

Selected Device : 6slx16csg324-2 


Slice Logic Utilization: 
 Number of Slice Registers:              29  out of  18224     0%  
 Number of Slice LUTs:                   48  out of   9112     0%  
    Number used as Logic:                48  out of   9112     0%  

Slice Logic Distribution: 
 Number of LUT Flip Flop pairs used:     56
   Number with an unused Flip Flop:      27  out of     56    48%  
   Number with an unused LUT:             8  out of     56    14%  
   Number of fully used LUT-FF pairs:    21  out of     56    37%  
   Number of unique control sets:         4

IO Utilization: 
 Number of IOs:                          15
 Number of bonded IOBs:                  15  out of    232     6%  
    IOB Flip Flops/Latches:              10

Specific Feature Utilization:
 Number of BUFG/BUFGCTRLs:                1  out of     16     6%  

---------------------------
Partition Resource Summary:
---------------------------

  No Partitions were found in this design.

---------------------------


=========================================================================
Timing Report

NOTE: THESE TIMING NUMBERS ARE ONLY A SYNTHESIS ESTIMATE.
      FOR ACCURATE TIMING INFORMATION PLEASE REFER TO THE TRACE REPORT
      GENERATED AFTER PLACE-and-ROUTE.

Clock Information:
------------------
-----------------------------------+------------------------+-------+
Clock Signal                       | Clock buffer(FF name)  | Load  |
-----------------------------------+------------------------+-------+
slow_clk                           | NONE(sh_sync)          | 2     |
sh_sync                            | NONE(serial_0)         | 8     |
stcp_sync                          | NONE(parallel_0)       | 8     |
CLK                                | BUFGP                  | 21    |
-----------------------------------+------------------------+-------+
INFO:Xst:2169 - HDL ADVISOR - Some clock signals were not automatically buffered by XST with BUFG/BUFR resources. Please use the buffer_type constraint in order to insert these buffers to the clock signals to help prevent skew problems.

Asynchronous Control Signals Information:
----------------------------------------
No asynchronous control signals found in this design

Timing Summary:
---------------
Speed Grade: -2

   Minimum period: 4.531ns (Maximum Frequency: 220.702MHz)
   Minimum input arrival time before clock: 3.666ns
   Maximum output required time after clock: 4.162ns
   Maximum combinational path delay: 5.183ns

Timing Details:
---------------
All values displayed in nanoseconds (ns)

=========================================================================
Timing constraint: Default period analysis for Clock 'sh_sync'
  Clock period: 1.324ns (frequency: 755.287MHz)
  Total number of paths / destination ports: 7 / 7
-------------------------------------------------------------------------
Delay:               1.324ns (Levels of Logic = 0)
  Source:            serial_0 (FF)
  Destination:       serial_1 (FF)
  Source Clock:      sh_sync rising
  Destination Clock: sh_sync rising

  Data Path: serial_0 to serial_1
                                Gate     Net
    Cell:in->out      fanout   Delay   Delay  Logical Name (Net Name)
    ----------------------------------------  ------------
     FDC:C->Q              2   0.525   0.725  serial_0 (serial_0)
     FDC:D                     0.074          serial_1
    ----------------------------------------
    Total                      1.324ns (0.599ns logic, 0.725ns route)
                                       (45.2% logic, 54.8% route)

=========================================================================
Timing constraint: Default period analysis for Clock 'CLK'
  Clock period: 4.531ns (frequency: 220.702MHz)
  Total number of paths / destination ports: 632 / 21
-------------------------------------------------------------------------
Delay:               4.531ns (Levels of Logic = 3)
  Source:            cnt_16 (FF)
  Destination:       cnt_0 (FF)
  Source Clock:      CLK rising
  Destination Clock: CLK rising

  Data Path: cnt_16 to cnt_0
                                Gate     Net
    Cell:in->out      fanout   Delay   Delay  Logical Name (Net Name)
    ----------------------------------------  ------------
     FD:C->Q               2   0.525   1.156  cnt_16 (cnt_16)
     LUT5:I0->O            3   0.254   0.994  PWR_4_o_cnt[19]_equal_1_o<19>2 (PWR_4_o_cnt[19]_equal_1_o<19>1)
     LUT6:I3->O           11   0.235   1.039  PWR_4_o_cnt[19]_equal_1_o<19>4 (PWR_4_o_cnt[19]_equal_1_o)
     LUT2:I1->O            1   0.254   0.000  cnt_0_rstpot (cnt_0_rstpot)
     FD:D                      0.074          cnt_0
    ----------------------------------------
    Total                      4.531ns (1.342ns logic, 3.189ns route)
                                       (29.6% logic, 70.4% route)

=========================================================================
Timing constraint: Default OFFSET IN BEFORE for Clock 'slow_clk'
  Total number of paths / destination ports: 2 / 2
-------------------------------------------------------------------------
Offset:              2.083ns (Levels of Logic = 1)
  Source:            SH (PAD)
  Destination:       sh_sync (FF)
  Destination Clock: slow_clk rising

  Data Path: SH to sh_sync
                                Gate     Net
    Cell:in->out      fanout   Delay   Delay  Logical Name (Net Name)
    ----------------------------------------  ------------
     IBUF:I->O             1   1.328   0.681  SH_IBUF (SH_IBUF)
     FD:D                      0.074          sh_sync
    ----------------------------------------
    Total                      2.083ns (1.402ns logic, 0.681ns route)
                                       (67.3% logic, 32.7% route)

=========================================================================
Timing constraint: Default OFFSET IN BEFORE for Clock 'sh_sync'
  Total number of paths / destination ports: 9 / 9
-------------------------------------------------------------------------
Offset:              3.666ns (Levels of Logic = 2)
  Source:            MR (PAD)
  Destination:       serial_0 (FF)
  Destination Clock: sh_sync rising

  Data Path: MR to serial_0
                                Gate     Net
    Cell:in->out      fanout   Delay   Delay  Logical Name (Net Name)
    ----------------------------------------  ------------
     IBUF:I->O             1   1.328   0.681  MR_IBUF (MR_IBUF)
     INV:I->O              8   0.255   0.943  MR_inv1_INV_0 (MR_inv)
     FDC:CLR                   0.459          serial_0
    ----------------------------------------
    Total                      3.666ns (2.042ns logic, 1.624ns route)
                                       (55.7% logic, 44.3% route)

=========================================================================
Timing constraint: Default OFFSET OUT AFTER for Clock 'stcp_sync'
  Total number of paths / destination ports: 8 / 8
-------------------------------------------------------------------------
Offset:              4.118ns (Levels of Logic = 1)
  Source:            parallel_7 (FF)
  Destination:       Q<7> (PAD)
  Source Clock:      stcp_sync rising

  Data Path: parallel_7 to Q<7>
                                Gate     Net
    Cell:in->out      fanout   Delay   Delay  Logical Name (Net Name)
    ----------------------------------------  ------------
     FD:C->Q               1   0.525   0.681  parallel_7 (parallel_7)
     OBUFT:I->O                2.912          Q_7_OBUFT (Q<7>)
    ----------------------------------------
    Total                      4.118ns (3.437ns logic, 0.681ns route)
                                       (83.5% logic, 16.5% route)

=========================================================================
Timing constraint: Default OFFSET OUT AFTER for Clock 'sh_sync'
  Total number of paths / destination ports: 1 / 1
-------------------------------------------------------------------------
Offset:              4.162ns (Levels of Logic = 1)
  Source:            serial_7 (FF)
  Destination:       Q7S (PAD)
  Source Clock:      sh_sync rising

  Data Path: serial_7 to Q7S
                                Gate     Net
    Cell:in->out      fanout   Delay   Delay  Logical Name (Net Name)
    ----------------------------------------  ------------
     FDC:C->Q              2   0.525   0.725  serial_7 (serial_7)
     OBUF:I->O                 2.912          Q7S_OBUF (Q7S)
    ----------------------------------------
    Total                      4.162ns (3.437ns logic, 0.725ns route)
                                       (82.6% logic, 17.4% route)

=========================================================================
Timing constraint: Default path analysis
  Total number of paths / destination ports: 8 / 8
-------------------------------------------------------------------------
Delay:               5.183ns (Levels of Logic = 2)
  Source:            OE (PAD)
  Destination:       Q<7> (PAD)

  Data Path: OE to Q<7>
                                Gate     Net
    Cell:in->out      fanout   Delay   Delay  Logical Name (Net Name)
    ----------------------------------------  ------------
     IBUF:I->O             8   1.328   0.943  OE_IBUF (OE_IBUF)
     OBUFT:T->O                2.912          Q_7_OBUFT (Q<7>)
    ----------------------------------------
    Total                      5.183ns (4.240ns logic, 0.943ns route)
                                       (81.8% logic, 18.2% route)

=========================================================================

Cross Clock Domains Report:
--------------------------

Clock to Setup on destination clock CLK
---------------+---------+---------+---------+---------+
               | Src:Rise| Src:Fall| Src:Rise| Src:Fall|
Source Clock   |Dest:Rise|Dest:Rise|Dest:Fall|Dest:Fall|
---------------+---------+---------+---------+---------+
CLK            |    4.531|         |         |         |
---------------+---------+---------+---------+---------+

Clock to Setup on destination clock sh_sync
---------------+---------+---------+---------+---------+
               | Src:Rise| Src:Fall| Src:Rise| Src:Fall|
Source Clock   |Dest:Rise|Dest:Rise|Dest:Fall|Dest:Fall|
---------------+---------+---------+---------+---------+
sh_sync        |    1.324|         |         |         |
---------------+---------+---------+---------+---------+

Clock to Setup on destination clock stcp_sync
---------------+---------+---------+---------+---------+
               | Src:Rise| Src:Fall| Src:Rise| Src:Fall|
Source Clock   |Dest:Rise|Dest:Rise|Dest:Fall|Dest:Fall|
---------------+---------+---------+---------+---------+
sh_sync        |    1.324|         |         |         |
---------------+---------+---------+---------+---------+

=========================================================================


Total REAL time to Xst completion: 4.00 secs
Total CPU time to Xst completion: 3.84 secs
 
--> 


Total memory usage is 377456 kilobytes

Number of errors   :    0 (   0 filtered)
Number of warnings :    0 (   0 filtered)
Number of infos    :    1 (   0 filtered)

